<?xml version="1.0" encoding="UTF-8"?>
<robot generator="Robot 7.2.2 (Python 3.13.2 on win32)" generated="2025-04-08T16:52:37.438166" rpa="false" schemaversion="5">
<suite id="s1" name="PanierTest" source="c:\Users\IB\Desktop\Robot_Jenkins\tests\PanierTest.robot">
<test id="s1-t1" name="Ajout d’un produit au panier" line="8">
<kw name="Open Login Page" owner="LoginPage" type="SETUP">
<kw name="Open Browser" owner="SeleniumLibrary">
<msg time="2025-04-08T16:52:37.597658" level="INFO">Opening browser 'chrome' to base url 'https://www.saucedemo.com'.</msg>
<arg>${URL}</arg>
<arg>chrome</arg>
<doc>Opens a new browser instance to the optional ``url``.</doc>
<status status="PASS" start="2025-04-08T16:52:37.597410" elapsed="1.396308"/>
</kw>
<kw name="Maximize Browser Window" owner="SeleniumLibrary">
<doc>Maximizes current browser window.</doc>
<status status="PASS" start="2025-04-08T16:52:38.994028" elapsed="0.028308"/>
</kw>
<kw name="Wait Until Element Is Visible" owner="SeleniumLibrary">
<arg>${USERNAME_LOC}</arg>
<doc>Waits until the element ``locator`` is visible.</doc>
<status status="PASS" start="2025-04-08T16:52:39.022893" elapsed="0.015299"/>
</kw>
<status status="PASS" start="2025-04-08T16:52:37.596853" elapsed="1.441585"/>
</kw>
<kw name="Enter Credentials" owner="LoginPage">
<kw name="Input Text" owner="SeleniumLibrary">
<msg time="2025-04-08T16:52:39.039836" level="INFO">Typing text 'standard_user' into text field 'id=user-name'.</msg>
<arg>${USERNAME_LOC}</arg>
<arg>${user}</arg>
<doc>Types the given ``text`` into the text field identified by ``locator``.</doc>
<status status="PASS" start="2025-04-08T16:52:39.039586" elapsed="0.072048"/>
</kw>
<kw name="Input Text" owner="SeleniumLibrary">
<msg time="2025-04-08T16:52:39.112281" level="INFO">Typing text 'secret_sauce' into text field 'id=password'.</msg>
<arg>${PASSWORD_LOC}</arg>
<arg>${pass}</arg>
<doc>Types the given ``text`` into the text field identified by ``locator``.</doc>
<status status="PASS" start="2025-04-08T16:52:39.111995" elapsed="0.048421"/>
</kw>
<arg>standard_user</arg>
<arg>secret_sauce</arg>
<status status="PASS" start="2025-04-08T16:52:39.039185" elapsed="0.121828"/>
</kw>
<kw name="Click Login" owner="LoginPage">
<kw name="Click Button" owner="SeleniumLibrary">
<msg time="2025-04-08T16:52:39.161963" level="INFO">Clicking button 'id=login-button'.</msg>
<arg>${LOGIN_BTN}</arg>
<doc>Clicks the button identified by ``locator``.</doc>
<status status="PASS" start="2025-04-08T16:52:39.161760" elapsed="0.069811"/>
</kw>
<status status="PASS" start="2025-04-08T16:52:39.161464" elapsed="0.070311"/>
</kw>
<kw name="Click Add To Cart" owner="ProductPage">
<kw name="Click Button" owner="SeleniumLibrary">
<msg time="2025-04-08T16:52:39.233221" level="INFO">Clicking button 'xpath=//button[text()='Add to cart']'.</msg>
<arg>${PRODUCT_ADD_BTN}</arg>
<doc>Clicks the button identified by ``locator``.</doc>
<status status="PASS" start="2025-04-08T16:52:39.232832" elapsed="0.069407"/>
</kw>
<status status="PASS" start="2025-04-08T16:52:39.232334" elapsed="0.070089"/>
</kw>
<kw name="Open Cart" owner="ProductPage">
<kw name="Click Element" owner="SeleniumLibrary">
<msg time="2025-04-08T16:52:39.303499" level="INFO">Clicking element 'id=shopping_cart_container'.</msg>
<arg>${CART_ICON}</arg>
<doc>Click the element identified by ``locator``.</doc>
<status status="PASS" start="2025-04-08T16:52:39.303292" elapsed="0.038832"/>
</kw>
<status status="PASS" start="2025-04-08T16:52:39.302998" elapsed="0.039319"/>
</kw>
<kw name="Cart Should Have One Item" owner="ProductPage">
<kw name="Element Should Contain" owner="SeleniumLibrary">
<msg time="2025-04-08T16:52:39.357187" level="INFO">Element 'class=shopping_cart_badge' contains text '1'.</msg>
<arg>${CART_BADGE}</arg>
<arg>1</arg>
<doc>Verifies that element ``locator`` contains text ``expected``.</doc>
<status status="PASS" start="2025-04-08T16:52:39.343012" elapsed="0.014495"/>
</kw>
<status status="PASS" start="2025-04-08T16:52:39.342698" elapsed="0.014939"/>
</kw>
<kw name="Close Browser" owner="SeleniumLibrary" type="TEARDOWN">
<doc>Closes the current browser.</doc>
<status status="PASS" start="2025-04-08T16:52:39.358095" elapsed="2.093224"/>
</kw>
<tag>XRAY-AJOUT-PANIER</tag>
<status status="PASS" start="2025-04-08T16:52:37.596106" elapsed="3.856002"/>
</test>
<status status="PASS" start="2025-04-08T16:52:37.441213" elapsed="4.012859"/>
</suite>
<statistics>
<total>
<stat pass="1" fail="0" skip="0">All Tests</stat>
</total>
<tag>
<stat pass="1" fail="0" skip="0">XRAY-AJOUT-PANIER</stat>
</tag>
<suite>
<stat name="PanierTest" id="s1" pass="1" fail="0" skip="0">PanierTest</stat>
</suite>
</statistics>
<errors>
</errors>
</robot>
